<?xml version="1.0" encoding="UTF-8"?>
<!-- Generated by org.testng.reporters.JUnitReportReporter -->
<testsuite hostname="EPINHYDW0BFB" failures="0" tests="1" name="cucumber.Runner" time="22.735" errors="0" timestamp="2022-09-04T21:16:17 IST" skipped="0">
  <testcase classname="cucumber.Runner" name="runScenario" time="22.735"/>
  <system-out/>
</testsuite> <!-- cucumber.Runner -->
