<?xml version="1.0" encoding="UTF-8"?>
<!-- Generated by org.testng.reporters.JUnitReportReporter -->
<testsuite hostname="EPINHYDW0BFB" failures="0" tests="2" name="cucumber.Runner" time="11.257" errors="0" timestamp="2022-09-12T20:07:24 IST" skipped="0">
  <testcase classname="cucumber.Runner" name="runScenario" time="8.763"/>
  <system-out/>
  <testcase classname="cucumber.Runner" name="runScenario" time="2.494"/>
  <system-out/>
</testsuite> <!-- cucumber.Runner -->
