<?xml version="1.0" encoding="UTF-8"?>
<!-- Generated by org.testng.reporters.JUnitReportReporter -->
<testsuite hostname="EPINHYDW0BFB" failures="0" tests="1" name="jenkins.Action" time="5.562" errors="0" timestamp="2022-08-26T18:20:03 IST" skipped="0">
  <testcase classname="jenkins.Action" name="MoveToElement" time="5.562"/>
  <system-out/>
</testsuite> <!-- jenkins.Action -->
