<?xml version="1.0" encoding="UTF-8"?>
<!-- Generated by org.testng.reporters.JUnitReportReporter -->
<testsuite hostname="EPINHYDW0BFB" failures="0" tests="3" name="stepdefinitions.FaceBookStepDef" time="6.321" errors="0" timestamp="2022-09-12T20:00:30 IST" skipped="0">
  <testcase classname="stepdefinitions.FaceBookStepDef" name="i_open_the_browser" time="5.965"/>
  <system-out/>
  <testcase classname="stepdefinitions.FaceBookStepDef" name="enter_login_details" time="0.253"/>
  <system-out/>
  <testcase classname="stepdefinitions.FaceBookStepDef" name="click_login" time="0.103"/>
  <system-out/>
</testsuite> <!-- stepdefinitions.FaceBookStepDef -->
