<?xml version="1.0" encoding="UTF-8"?>
<!-- Generated by org.testng.reporters.JUnitReportReporter -->
<testsuite hostname="EPINHYDW0BFB" failures="0" tests="1" name="jenkins.Selenium" time="13.092" errors="0" timestamp="2022-08-24T15:42:14 IST" skipped="0">
  <testcase classname="jenkins.Selenium" name="openBrowser" time="13.092"/>
  <system-out/>
</testsuite> <!-- jenkins.Selenium -->
