<?xml version="1.0" encoding="UTF-8"?>
<!-- Generated by org.testng.reporters.JUnitReportReporter -->
<testsuite hostname="EPINHYDW0BFB" failures="0" tests="1" name="jenkins.SignInPage" time="28.016" errors="0" timestamp="2022-08-24T15:53:48 IST" skipped="0">
  <testcase classname="jenkins.SignInPage" name="openBrowser" time="28.016"/>
  <system-out/>
</testsuite> <!-- jenkins.SignInPage -->
